[Fri Jun 09 08:27:17.534776 2023] [ssl:warn] [pid 3804:tid 432] AH01909: www.example.com:443:0 server certificate does NOT include an ID which matches the server name
[Fri Jun 09 08:27:17.599727 2023] [ssl:warn] [pid 3804:tid 432] AH01909: www.example.com:443:0 server certificate does NOT include an ID which matches the server name
[Fri Jun 09 08:27:17.931752 2023] [mpm_winnt:notice] [pid 3804:tid 432] AH00455: Apache/2.4.56 (Win64) OpenSSL/1.1.1t PHP/8.2.4 configured -- resuming normal operations
[Fri Jun 09 08:27:17.931752 2023] [mpm_winnt:notice] [pid 3804:tid 432] AH00456: Apache Lounge VS16 Server built: Mar  7 2023 13:21:03
[Fri Jun 09 08:27:17.931752 2023] [core:notice] [pid 3804:tid 432] AH00094: Command line: 'c:\\xampp\\apache\\bin\\httpd.exe -d C:/xampp/apache'
[Fri Jun 09 08:27:17.937526 2023] [mpm_winnt:notice] [pid 3804:tid 432] AH00418: Parent: Created child process 7976
[Fri Jun 09 08:27:18.435000 2023] [ssl:warn] [pid 7976:tid 436] AH01909: www.example.com:443:0 server certificate does NOT include an ID which matches the server name
[Fri Jun 09 08:27:18.488000 2023] [ssl:warn] [pid 7976:tid 436] AH01909: www.example.com:443:0 server certificate does NOT include an ID which matches the server name
[Fri Jun 09 08:27:18.534002 2023] [mpm_winnt:notice] [pid 7976:tid 436] AH00354: Child: Starting 150 worker threads.
[Fri Jun 09 08:32:47.904809 2023] [ssl:warn] [pid 2964:tid 404] AH01909: www.example.com:443:0 server certificate does NOT include an ID which matches the server name
[Fri Jun 09 08:32:47.959811 2023] [core:warn] [pid 2964:tid 404] AH00098: pid file C:/xampp/apache/logs/httpd.pid overwritten -- Unclean shutdown of previous Apache run?
[Fri Jun 09 08:32:47.963811 2023] [ssl:warn] [pid 2964:tid 404] AH01909: www.example.com:443:0 server certificate does NOT include an ID which matches the server name
[Fri Jun 09 08:32:48.006816 2023] [mpm_winnt:notice] [pid 2964:tid 404] AH00455: Apache/2.4.56 (Win64) OpenSSL/1.1.1t PHP/8.2.4 configured -- resuming normal operations
[Fri Jun 09 08:32:48.007815 2023] [mpm_winnt:notice] [pid 2964:tid 404] AH00456: Apache Lounge VS16 Server built: Mar  7 2023 13:21:03
[Fri Jun 09 08:32:48.007815 2023] [core:notice] [pid 2964:tid 404] AH00094: Command line: 'c:\\xampp\\apache\\bin\\httpd.exe -d C:/xampp/apache'
[Fri Jun 09 08:32:48.010816 2023] [mpm_winnt:notice] [pid 2964:tid 404] AH00418: Parent: Created child process 15860
[Fri Jun 09 08:32:48.474975 2023] [ssl:warn] [pid 15860:tid 408] AH01909: www.example.com:443:0 server certificate does NOT include an ID which matches the server name
[Fri Jun 09 08:32:48.522978 2023] [ssl:warn] [pid 15860:tid 408] AH01909: www.example.com:443:0 server certificate does NOT include an ID which matches the server name
[Fri Jun 09 08:32:48.567981 2023] [mpm_winnt:notice] [pid 15860:tid 408] AH00354: Child: Starting 150 worker threads.
[Fri Jun 09 08:43:46.589859 2023] [ssl:warn] [pid 11920:tid 404] AH01909: www.example.com:443:0 server certificate does NOT include an ID which matches the server name
[Fri Jun 09 08:43:46.641864 2023] [core:warn] [pid 11920:tid 404] AH00098: pid file C:/xampp/apache/logs/httpd.pid overwritten -- Unclean shutdown of previous Apache run?
[Fri Jun 09 08:43:46.644864 2023] [ssl:warn] [pid 11920:tid 404] AH01909: www.example.com:443:0 server certificate does NOT include an ID which matches the server name
[Fri Jun 09 08:43:46.683867 2023] [mpm_winnt:notice] [pid 11920:tid 404] AH00455: Apache/2.4.56 (Win64) OpenSSL/1.1.1t PHP/8.2.4 configured -- resuming normal operations
[Fri Jun 09 08:43:46.683867 2023] [mpm_winnt:notice] [pid 11920:tid 404] AH00456: Apache Lounge VS16 Server built: Mar  7 2023 13:21:03
[Fri Jun 09 08:43:46.683867 2023] [core:notice] [pid 11920:tid 404] AH00094: Command line: 'c:\\xampp\\apache\\bin\\httpd.exe -d C:/xampp/apache'
[Fri Jun 09 08:43:46.687869 2023] [mpm_winnt:notice] [pid 11920:tid 404] AH00418: Parent: Created child process 16328
[Fri Jun 09 08:43:47.002891 2023] [ssl:warn] [pid 16328:tid 432] AH01909: www.example.com:443:0 server certificate does NOT include an ID which matches the server name
[Fri Jun 09 08:43:47.053301 2023] [ssl:warn] [pid 16328:tid 432] AH01909: www.example.com:443:0 server certificate does NOT include an ID which matches the server name
[Fri Jun 09 08:43:47.096304 2023] [mpm_winnt:notice] [pid 16328:tid 432] AH00354: Child: Starting 150 worker threads.
[Sat Jun 10 00:02:49.041776 2023] [ssl:warn] [pid 9580:tid 416] AH01909: www.example.com:443:0 server certificate does NOT include an ID which matches the server name
[Sat Jun 10 00:02:49.114399 2023] [core:warn] [pid 9580:tid 416] AH00098: pid file C:/xampp/apache/logs/httpd.pid overwritten -- Unclean shutdown of previous Apache run?
[Sat Jun 10 00:02:49.122391 2023] [ssl:warn] [pid 9580:tid 416] AH01909: www.example.com:443:0 server certificate does NOT include an ID which matches the server name
[Sat Jun 10 00:02:49.265935 2023] [mpm_winnt:notice] [pid 9580:tid 416] AH00455: Apache/2.4.56 (Win64) OpenSSL/1.1.1t PHP/8.2.4 configured -- resuming normal operations
[Sat Jun 10 00:02:49.265935 2023] [mpm_winnt:notice] [pid 9580:tid 416] AH00456: Apache Lounge VS16 Server built: Mar  7 2023 13:21:03
[Sat Jun 10 00:02:49.265935 2023] [core:notice] [pid 9580:tid 416] AH00094: Command line: 'c:\\xampp\\apache\\bin\\httpd.exe -d C:/xampp/apache'
[Sat Jun 10 00:02:49.281565 2023] [mpm_winnt:notice] [pid 9580:tid 416] AH00418: Parent: Created child process 11384
[Sat Jun 10 00:02:50.134654 2023] [ssl:warn] [pid 11384:tid 420] AH01909: www.example.com:443:0 server certificate does NOT include an ID which matches the server name
[Sat Jun 10 00:02:50.214672 2023] [ssl:warn] [pid 11384:tid 420] AH01909: www.example.com:443:0 server certificate does NOT include an ID which matches the server name
[Sat Jun 10 00:02:50.295065 2023] [mpm_winnt:notice] [pid 11384:tid 420] AH00354: Child: Starting 150 worker threads.
[Sat Jun 10 05:42:37.313993 2023] [ssl:warn] [pid 3044:tid 404] AH01909: www.example.com:443:0 server certificate does NOT include an ID which matches the server name
[Sat Jun 10 05:42:37.420100 2023] [core:warn] [pid 3044:tid 404] AH00098: pid file C:/xampp/apache/logs/httpd.pid overwritten -- Unclean shutdown of previous Apache run?
[Sat Jun 10 05:42:37.425095 2023] [ssl:warn] [pid 3044:tid 404] AH01909: www.example.com:443:0 server certificate does NOT include an ID which matches the server name
[Sat Jun 10 05:42:37.604886 2023] [mpm_winnt:notice] [pid 3044:tid 404] AH00455: Apache/2.4.56 (Win64) OpenSSL/1.1.1t PHP/8.2.4 configured -- resuming normal operations
[Sat Jun 10 05:42:37.604886 2023] [mpm_winnt:notice] [pid 3044:tid 404] AH00456: Apache Lounge VS16 Server built: Mar  7 2023 13:21:03
[Sat Jun 10 05:42:37.604886 2023] [core:notice] [pid 3044:tid 404] AH00094: Command line: 'c:\\xampp\\apache\\bin\\httpd.exe -d C:/xampp/apache'
[Sat Jun 10 05:42:37.608885 2023] [mpm_winnt:notice] [pid 3044:tid 404] AH00418: Parent: Created child process 6004
[Sat Jun 10 05:42:38.486085 2023] [ssl:warn] [pid 6004:tid 432] AH01909: www.example.com:443:0 server certificate does NOT include an ID which matches the server name
[Sat Jun 10 05:42:38.551028 2023] [ssl:warn] [pid 6004:tid 432] AH01909: www.example.com:443:0 server certificate does NOT include an ID which matches the server name
[Sat Jun 10 05:42:38.626230 2023] [mpm_winnt:notice] [pid 6004:tid 432] AH00354: Child: Starting 150 worker threads.
[Sat Jun 10 08:13:01.672642 2023] [ssl:warn] [pid 9316:tid 416] AH01909: www.example.com:443:0 server certificate does NOT include an ID which matches the server name
[Sat Jun 10 08:13:01.766763 2023] [core:warn] [pid 9316:tid 416] AH00098: pid file C:/xampp/apache/logs/httpd.pid overwritten -- Unclean shutdown of previous Apache run?
[Sat Jun 10 08:13:01.771762 2023] [ssl:warn] [pid 9316:tid 416] AH01909: www.example.com:443:0 server certificate does NOT include an ID which matches the server name
[Sat Jun 10 08:13:01.901953 2023] [mpm_winnt:notice] [pid 9316:tid 416] AH00455: Apache/2.4.56 (Win64) OpenSSL/1.1.1t PHP/8.2.4 configured -- resuming normal operations
[Sat Jun 10 08:13:01.901953 2023] [mpm_winnt:notice] [pid 9316:tid 416] AH00456: Apache Lounge VS16 Server built: Mar  7 2023 13:21:03
[Sat Jun 10 08:13:01.901953 2023] [core:notice] [pid 9316:tid 416] AH00094: Command line: 'c:\\xampp\\apache\\bin\\httpd.exe -d C:/xampp/apache'
[Sat Jun 10 08:13:01.908141 2023] [mpm_winnt:notice] [pid 9316:tid 416] AH00418: Parent: Created child process 2292
[Sat Jun 10 08:13:02.774145 2023] [ssl:warn] [pid 2292:tid 408] AH01909: www.example.com:443:0 server certificate does NOT include an ID which matches the server name
[Sat Jun 10 08:13:02.832194 2023] [ssl:warn] [pid 2292:tid 408] AH01909: www.example.com:443:0 server certificate does NOT include an ID which matches the server name
[Sat Jun 10 08:13:02.888092 2023] [mpm_winnt:notice] [pid 2292:tid 408] AH00354: Child: Starting 150 worker threads.
[Sat Jun 10 19:10:58.719987 2023] [ssl:warn] [pid 15092:tid 440] AH01909: www.example.com:443:0 server certificate does NOT include an ID which matches the server name
[Sat Jun 10 19:10:58.772409 2023] [core:warn] [pid 15092:tid 440] AH00098: pid file C:/xampp/apache/logs/httpd.pid overwritten -- Unclean shutdown of previous Apache run?
[Sat Jun 10 19:10:58.772409 2023] [ssl:warn] [pid 15092:tid 440] AH01909: www.example.com:443:0 server certificate does NOT include an ID which matches the server name
[Sat Jun 10 19:10:58.834925 2023] [mpm_winnt:notice] [pid 15092:tid 440] AH00455: Apache/2.4.56 (Win64) OpenSSL/1.1.1t PHP/8.2.4 configured -- resuming normal operations
[Sat Jun 10 19:10:58.834925 2023] [mpm_winnt:notice] [pid 15092:tid 440] AH00456: Apache Lounge VS16 Server built: Mar  7 2023 13:21:03
[Sat Jun 10 19:10:58.834925 2023] [core:notice] [pid 15092:tid 440] AH00094: Command line: 'c:\\xampp\\apache\\bin\\httpd.exe -d C:/xampp/apache'
[Sat Jun 10 19:10:58.834925 2023] [mpm_winnt:notice] [pid 15092:tid 440] AH00418: Parent: Created child process 8
[Sat Jun 10 19:10:59.189878 2023] [ssl:warn] [pid 8:tid 420] AH01909: www.example.com:443:0 server certificate does NOT include an ID which matches the server name
[Sat Jun 10 19:10:59.235211 2023] [ssl:warn] [pid 8:tid 420] AH01909: www.example.com:443:0 server certificate does NOT include an ID which matches the server name
[Sat Jun 10 19:10:59.274703 2023] [mpm_winnt:notice] [pid 8:tid 420] AH00354: Child: Starting 150 worker threads.
[Sun Jun 11 05:24:16.762508 2023] [ssl:warn] [pid 10376:tid 416] AH01909: www.example.com:443:0 server certificate does NOT include an ID which matches the server name
[Sun Jun 11 05:24:16.846180 2023] [core:warn] [pid 10376:tid 416] AH00098: pid file C:/xampp/apache/logs/httpd.pid overwritten -- Unclean shutdown of previous Apache run?
[Sun Jun 11 05:24:16.854180 2023] [ssl:warn] [pid 10376:tid 416] AH01909: www.example.com:443:0 server certificate does NOT include an ID which matches the server name
[Sun Jun 11 05:24:16.919758 2023] [mpm_winnt:notice] [pid 10376:tid 416] AH00455: Apache/2.4.56 (Win64) OpenSSL/1.1.1t PHP/8.2.4 configured -- resuming normal operations
[Sun Jun 11 05:24:16.919758 2023] [mpm_winnt:notice] [pid 10376:tid 416] AH00456: Apache Lounge VS16 Server built: Mar  7 2023 13:21:03
[Sun Jun 11 05:24:16.919758 2023] [core:notice] [pid 10376:tid 416] AH00094: Command line: 'c:\\xampp\\apache\\bin\\httpd.exe -d C:/xampp/apache'
[Sun Jun 11 05:24:16.927124 2023] [mpm_winnt:notice] [pid 10376:tid 416] AH00418: Parent: Created child process 524
[Sun Jun 11 05:24:17.492822 2023] [ssl:warn] [pid 524:tid 408] AH01909: www.example.com:443:0 server certificate does NOT include an ID which matches the server name
[Sun Jun 11 05:24:17.539710 2023] [ssl:warn] [pid 524:tid 408] AH01909: www.example.com:443:0 server certificate does NOT include an ID which matches the server name
[Sun Jun 11 05:24:17.602232 2023] [mpm_winnt:notice] [pid 524:tid 408] AH00354: Child: Starting 150 worker threads.
[Mon Jun 12 17:13:05.572019 2023] [ssl:warn] [pid 15392:tid 432] AH01909: www.example.com:443:0 server certificate does NOT include an ID which matches the server name
[Mon Jun 12 17:13:05.644025 2023] [core:warn] [pid 15392:tid 432] AH00098: pid file C:/xampp/apache/logs/httpd.pid overwritten -- Unclean shutdown of previous Apache run?
[Mon Jun 12 17:13:05.650024 2023] [ssl:warn] [pid 15392:tid 432] AH01909: www.example.com:443:0 server certificate does NOT include an ID which matches the server name
[Mon Jun 12 17:13:05.703028 2023] [mpm_winnt:notice] [pid 15392:tid 432] AH00455: Apache/2.4.56 (Win64) OpenSSL/1.1.1t PHP/8.2.4 configured -- resuming normal operations
[Mon Jun 12 17:13:05.703028 2023] [mpm_winnt:notice] [pid 15392:tid 432] AH00456: Apache Lounge VS16 Server built: Mar  7 2023 13:21:03
[Mon Jun 12 17:13:05.703028 2023] [core:notice] [pid 15392:tid 432] AH00094: Command line: 'c:\\xampp\\apache\\bin\\httpd.exe -d C:/xampp/apache'
[Mon Jun 12 17:13:05.708028 2023] [mpm_winnt:notice] [pid 15392:tid 432] AH00418: Parent: Created child process 15116
[Mon Jun 12 17:13:06.234009 2023] [ssl:warn] [pid 15116:tid 444] AH01909: www.example.com:443:0 server certificate does NOT include an ID which matches the server name
[Mon Jun 12 17:13:06.307998 2023] [ssl:warn] [pid 15116:tid 444] AH01909: www.example.com:443:0 server certificate does NOT include an ID which matches the server name
[Mon Jun 12 17:13:06.364003 2023] [mpm_winnt:notice] [pid 15116:tid 444] AH00354: Child: Starting 150 worker threads.
[Tue Jun 13 09:16:04.246544 2023] [ssl:warn] [pid 18968:tid 424] AH01909: www.example.com:443:0 server certificate does NOT include an ID which matches the server name
[Tue Jun 13 09:16:04.311775 2023] [core:warn] [pid 18968:tid 424] AH00098: pid file C:/xampp/apache/logs/httpd.pid overwritten -- Unclean shutdown of previous Apache run?
[Tue Jun 13 09:16:04.315777 2023] [ssl:warn] [pid 18968:tid 424] AH01909: www.example.com:443:0 server certificate does NOT include an ID which matches the server name
[Tue Jun 13 09:16:04.379782 2023] [mpm_winnt:notice] [pid 18968:tid 424] AH00455: Apache/2.4.56 (Win64) OpenSSL/1.1.1t PHP/8.2.4 configured -- resuming normal operations
[Tue Jun 13 09:16:04.379782 2023] [mpm_winnt:notice] [pid 18968:tid 424] AH00456: Apache Lounge VS16 Server built: Mar  7 2023 13:21:03
[Tue Jun 13 09:16:04.379782 2023] [core:notice] [pid 18968:tid 424] AH00094: Command line: 'c:\\xampp\\apache\\bin\\httpd.exe -d C:/xampp/apache'
[Tue Jun 13 09:16:04.383782 2023] [mpm_winnt:notice] [pid 18968:tid 424] AH00418: Parent: Created child process 20044
[Tue Jun 13 09:16:04.792864 2023] [ssl:warn] [pid 20044:tid 408] AH01909: www.example.com:443:0 server certificate does NOT include an ID which matches the server name
[Tue Jun 13 09:16:04.853866 2023] [ssl:warn] [pid 20044:tid 408] AH01909: www.example.com:443:0 server certificate does NOT include an ID which matches the server name
[Tue Jun 13 09:16:04.900872 2023] [mpm_winnt:notice] [pid 20044:tid 408] AH00354: Child: Starting 150 worker threads.
[Tue Jun 13 23:32:50.947878 2023] [ssl:warn] [pid 7828:tid 344] AH01909: www.example.com:443:0 server certificate does NOT include an ID which matches the server name
[Tue Jun 13 23:32:51.220200 2023] [core:warn] [pid 7828:tid 344] AH00098: pid file C:/xampp/apache/logs/httpd.pid overwritten -- Unclean shutdown of previous Apache run?
[Tue Jun 13 23:32:51.252208 2023] [ssl:warn] [pid 7828:tid 344] AH01909: www.example.com:443:0 server certificate does NOT include an ID which matches the server name
[Tue Jun 13 23:32:51.548508 2023] [mpm_winnt:notice] [pid 7828:tid 344] AH00455: Apache/2.4.56 (Win64) OpenSSL/1.1.1t PHP/8.2.4 configured -- resuming normal operations
[Tue Jun 13 23:32:51.548508 2023] [mpm_winnt:notice] [pid 7828:tid 344] AH00456: Apache Lounge VS16 Server built: Mar  7 2023 13:21:03
[Tue Jun 13 23:32:51.548508 2023] [core:notice] [pid 7828:tid 344] AH00094: Command line: 'c:\\xampp\\apache\\bin\\httpd.exe -d C:/xampp/apache'
[Tue Jun 13 23:32:51.564509 2023] [mpm_winnt:notice] [pid 7828:tid 344] AH00418: Parent: Created child process 11960
[Tue Jun 13 23:32:52.896329 2023] [ssl:warn] [pid 11960:tid 196] AH01909: www.example.com:443:0 server certificate does NOT include an ID which matches the server name
[Tue Jun 13 23:32:53.057344 2023] [ssl:warn] [pid 11960:tid 196] AH01909: www.example.com:443:0 server certificate does NOT include an ID which matches the server name
[Tue Jun 13 23:32:53.177426 2023] [mpm_winnt:notice] [pid 11960:tid 196] AH00354: Child: Starting 150 worker threads.
[Tue Jun 13 23:42:38.268215 2023] [ssl:warn] [pid 14076:tid 372] AH01909: www.example.com:443:0 server certificate does NOT include an ID which matches the server name
[Tue Jun 13 23:42:38.387811 2023] [core:warn] [pid 14076:tid 372] AH00098: pid file C:/xampp/apache/logs/httpd.pid overwritten -- Unclean shutdown of previous Apache run?
[Tue Jun 13 23:42:38.395810 2023] [ssl:warn] [pid 14076:tid 372] AH01909: www.example.com:443:0 server certificate does NOT include an ID which matches the server name
[Tue Jun 13 23:42:38.467869 2023] [mpm_winnt:notice] [pid 14076:tid 372] AH00455: Apache/2.4.56 (Win64) OpenSSL/1.1.1t PHP/8.2.4 configured -- resuming normal operations
[Tue Jun 13 23:42:38.467869 2023] [mpm_winnt:notice] [pid 14076:tid 372] AH00456: Apache Lounge VS16 Server built: Mar  7 2023 13:21:03
[Tue Jun 13 23:42:38.467869 2023] [core:notice] [pid 14076:tid 372] AH00094: Command line: 'c:\\xampp\\apache\\bin\\httpd.exe -d C:/xampp/apache'
[Tue Jun 13 23:42:38.483884 2023] [mpm_winnt:notice] [pid 14076:tid 372] AH00418: Parent: Created child process 9976
[Tue Jun 13 23:42:39.116807 2023] [ssl:warn] [pid 9976:tid 360] AH01909: www.example.com:443:0 server certificate does NOT include an ID which matches the server name
[Tue Jun 13 23:42:39.236885 2023] [ssl:warn] [pid 9976:tid 360] AH01909: www.example.com:443:0 server certificate does NOT include an ID which matches the server name
[Tue Jun 13 23:42:39.324985 2023] [mpm_winnt:notice] [pid 9976:tid 360] AH00354: Child: Starting 150 worker threads.
[Wed Jun 14 17:21:35.070251 2023] [ssl:warn] [pid 5940:tid 344] AH01909: www.example.com:443:0 server certificate does NOT include an ID which matches the server name
[Wed Jun 14 17:21:35.174221 2023] [core:warn] [pid 5940:tid 344] AH00098: pid file C:/xampp/apache/logs/httpd.pid overwritten -- Unclean shutdown of previous Apache run?
[Wed Jun 14 17:21:35.182566 2023] [ssl:warn] [pid 5940:tid 344] AH01909: www.example.com:443:0 server certificate does NOT include an ID which matches the server name
[Wed Jun 14 17:21:35.263907 2023] [mpm_winnt:notice] [pid 5940:tid 344] AH00455: Apache/2.4.56 (Win64) OpenSSL/1.1.1t PHP/8.2.4 configured -- resuming normal operations
[Wed Jun 14 17:21:35.264907 2023] [mpm_winnt:notice] [pid 5940:tid 344] AH00456: Apache Lounge VS16 Server built: Mar  7 2023 13:21:03
[Wed Jun 14 17:21:35.264907 2023] [core:notice] [pid 5940:tid 344] AH00094: Command line: 'c:\\xampp\\apache\\bin\\httpd.exe -d C:/xampp/apache'
[Wed Jun 14 17:21:35.274212 2023] [mpm_winnt:notice] [pid 5940:tid 344] AH00418: Parent: Created child process 13152
[Wed Jun 14 17:21:35.898452 2023] [ssl:warn] [pid 13152:tid 332] AH01909: www.example.com:443:0 server certificate does NOT include an ID which matches the server name
[Wed Jun 14 17:21:35.966263 2023] [ssl:warn] [pid 13152:tid 332] AH01909: www.example.com:443:0 server certificate does NOT include an ID which matches the server name
[Wed Jun 14 17:21:36.013548 2023] [mpm_winnt:notice] [pid 13152:tid 332] AH00354: Child: Starting 150 worker threads.
